<?xml version="1.0" encoding="UTF-8"?>
<!-- Generated by org.testng.reporters.JUnitXMLReporter -->
<testsuite hostname="user-pc" name="Test" tests="1" failures="1" timestamp="2 Jun 2019 20:03:43 GMT" time="0.025" errors="0">
  <testcase name="doLogin" time="0.01" classname="testcases.XYZBank">
    <failure type="java.lang.AssertionError" message="expected [true] but found [false]">
      <![CDATA[java.lang.AssertionError: expected [true] but found [false]
	at testcases.XYZBank.doLogin(XYZBank.java:15)
... Removed 28 stack frames]]>
    </failure>
  </testcase> <!-- doLogin -->
</testsuite> <!-- Test -->
