<?xml version="1.0" encoding="UTF-8"?>
<testng-results skipped="0" failed="0" total="1" passed="1">
  <reporter-output>
  </reporter-output>
  <suite name="Default suite" duration-ms="5438" started-at="2019-06-03T10:10:43Z" finished-at="2019-06-03T10:10:48Z">
    <groups>
    </groups>
    <test name="Default test" duration-ms="5438" started-at="2019-06-03T10:10:43Z" finished-at="2019-06-03T10:10:48Z">
      <class name="testcases.XYZBank">
        <test-method status="PASS" signature="setUp()[pri:0, instance:testcases.XYZBank@1fbc7afb]" name="setUp" is-config="true" duration-ms="7233" started-at="2019-06-03T11:10:35Z" finished-at="2019-06-03T11:10:43Z">
          <reporter-output>
          </reporter-output>
        </test-method> <!-- setUp -->
        <test-method status="PASS" signature="depositTest()[pri:0, instance:testcases.XYZBank@1fbc7afb]" name="depositTest" duration-ms="5402" started-at="2019-06-03T11:10:43Z" finished-at="2019-06-03T11:10:48Z">
          <reporter-output>
          </reporter-output>
        </test-method> <!-- depositTest -->
        <test-method status="PASS" signature="tearDown()[pri:0, instance:testcases.XYZBank@1fbc7afb]" name="tearDown" is-config="true" duration-ms="736" started-at="2019-06-03T11:10:48Z" finished-at="2019-06-03T11:10:49Z">
          <reporter-output>
          </reporter-output>
        </test-method> <!-- tearDown -->
      </class> <!-- testcases.XYZBank -->
    </test> <!-- Default test -->
  </suite> <!-- Default suite -->
</testng-results>
