<?xml version="1.0" encoding="UTF-8"?>
<testng-results skipped="0" failed="0" ignored="0" total="0" passed="0">
  <reporter-output>
  </reporter-output>
  <suite name="base.TestBase" duration-ms="0" started-at="2019-06-02T20:29:00Z" finished-at="2019-06-02T20:29:00Z">
    <groups>
    </groups>
    <test name="Command line test" duration-ms="0" started-at="2019-06-02T20:29:00Z" finished-at="2019-06-02T20:29:00Z">
      <class name="base.TestBase">
        <test-method status="PASS" signature="setUp()[pri:0, instance:base.TestBase@1554909b]" name="setUp" is-config="true" duration-ms="6805" started-at="2019-06-02T20:28:53Z" finished-at="2019-06-02T20:29:00Z">
          <reporter-output>
          </reporter-output>
        </test-method> <!-- setUp -->
        <test-method status="PASS" signature="tearDown()[pri:0, instance:base.TestBase@1554909b]" name="tearDown" is-config="true" duration-ms="735" started-at="2019-06-02T20:29:00Z" finished-at="2019-06-02T20:29:00Z">
          <reporter-output>
          </reporter-output>
        </test-method> <!-- tearDown -->
      </class> <!-- base.TestBase -->
    </test> <!-- Command line test -->
  </suite> <!-- base.TestBase -->
</testng-results>
